<?xml version="1.0" encoding="UTF-8"?>
<!-- Generated by org.testng.reporters.JUnitXMLReporter -->
<testsuite hostname="DESKTOP-FH77DVK" ignored="0" name="TestNG_pilotUi" tests="3" failures="0" timestamp="10 Nov 2023 10:56:07 GMT" time="143.921" errors="0">
  <testcase name="UploadFile" time="45.517" classname="Websites.chrome"/>
  <testcase name="UploadFile" time="45.977" classname="Websites.EdgeWebsite"/>
  <testcase name="UploadFile" time="52.351" classname="Websites.firefox"/>
</testsuite> <!-- TestNG_pilotUi -->
